[0mGET / [36m304 [0m19.419 ms - -[0m
[0mGET /users [32m200 [0m1.304 ms - 28[0m
[0mGET /users/about [36m304 [0m0.693 ms - -[0m
[0mGET /users/about [36m304 [0m0.777 ms - -[0m
[0mGET /users/about [36m304 [0m0.510 ms - -[0m
[0mGET /users/about [36m304 [0m0.763 ms - -[0m
[0mGET /users/about [36m304 [0m0.543 ms - -[0m
[0mGET /users/about [36m304 [0m0.711 ms - -[0m
[0mGET / [32m200 [0m5.597 ms - 2775[0m
[0mGET /users/id/23/name/asa [31m500 [0m24.346 ms - 3675[0m
[0mGET /users/id/23/name/asa [32m200 [0m4.263 ms - 34[0m
[0mGET /users/id/23/name/asa [32m200 [0m4.322 ms - 35[0m
[0mGET /users/id/23/name/Avinash [32m200 [0m0.574 ms - 39[0m
[0mGET /fileUpload [33m404 [0m20.583 ms - 4091[0m
[0mGET / [32m200 [0m4.466 ms - 2709[0m
[0mGET /about [36m304 [0m0.857 ms - -[0m
[0mGET /fileUpload [33m404 [0m3.889 ms - 4091[0m
[0mGET /fileup [33m404 [0m19.505 ms - 4091[0m
[0mGET /fileup [32m200 [0m3.720 ms - 28[0m
[0mGET /fileup [36m304 [0m1.069 ms - -[0m
[0mGET /fileup [0m- [0m- ms - -[0m
[0mGET /fileup [0m- [0m- ms - -[0m
[0mGET /fileup [0m- [0m- ms - -[0m
[0mGET /fileupda [33m404 [0m23.456 ms - 4091[0m
[0mGET /fileupdada [33m404 [0m4.230 ms - 4091[0m
[0mGET /fileup [0m- [0m- ms - -[0m
[0mGET /fileup [0m- [0m- ms - -[0m
[0mGET /fileup [0m- [0m- ms - -[0m
[0mGET /fileup [32m200 [0m4.256 ms - 23[0m
[0mGET /fileup [36m304 [0m0.775 ms - -[0m
[0mGET /fileup [36m304 [0m0.495 ms - -[0m
[0mGET /fileup [36m304 [0m3.938 ms - -[0m
[0mGET /fileup [32m200 [0m16.815 ms - 2855[0m
[0mPOST /storeFile [33m404 [0m8.787 ms - 4086[0m
[0mGET /storeFile [33m404 [0m4.314 ms - 4109[0m
[0mGET /fileup [32m200 [0m17.847 ms - 2873[0m
[0mGET /fileup [36m304 [0m3.438 ms - -[0m
[0mPOST /storeFile [32m200 [0m1.225 ms - 23[0m
[0mPOST /storeFile [32m200 [0m4.926 ms - 23[0m
[0mGET /fileup [36m304 [0m17.853 ms - -[0m
[0mGET /fileup [36m304 [0m3.369 ms - -[0m
[0mGET /fileup [36m304 [0m2.460 ms - -[0m
[0mGET /fileup [36m304 [0m2.563 ms - -[0m
[0mPOST /storeFile [31m500 [0m13.675 ms - 4018[0m
[0mPOST /storeFile [31m500 [0m27.920 ms - 4018[0m
[0mPOST /storeFile [31m500 [0m27.530 ms - 2929[0m
[0mPOST /storeFile [31m500 [0m24.527 ms - 2975[0m
[0mPOST /storeFile [31m500 [0m25.028 ms - 2929[0m
[0mPOST /storeFile [32m200 [0m16.451 ms - 23[0m
[0mPOST /storeFile [32m200 [0m16.194 ms - 23[0m
[0mPOST /storeFile [32m200 [0m4.664 ms - 23[0m
[0mGET /fileup [36m304 [0m15.219 ms - -[0m
[0mGET /fileup [36m304 [0m18.723 ms - -[0m
[0mPOST /storeFile [32m200 [0m11.673 ms - 293[0m
[0mPOST /storeFile [31m500 [0m24.709 ms - 4018[0m
[0mPOST /storeFile [32m200 [0m15.357 ms - 317[0m
[0mPOST /storeFile [32m200 [0m4.678 ms - 317[0m
[0mPOST /storeFile [32m200 [0m4.182 ms - 275[0m
[0mPOST /storeFile [31m500 [0m26.470 ms - 2897[0m
[0mPOST /storeFile [31m500 [0m25.226 ms - 2961[0m
[0mPOST /storeFile [32m200 [0m16.212 ms - 208[0m
[0mPOST /storeFile [32m200 [0m5.856 ms - 211[0m
[0mGET /fileup [36m304 [0m16.574 ms - -[0m
[0mPOST /storeFile [32m200 [0m7.226 ms - 196[0m
[0mGET /fileup [32m200 [0m3.028 ms - 2953[0m
[0mGET / [32m200 [0m4.451 ms - 2800[0m
[0mGET /fileup [36m304 [0m4.197 ms - -[0m
[0mPOST /storeFile [32m200 [0m45.092 ms - 215[0m
[0mGET /getFile [33m404 [0m20.868 ms - 4189[0m
[0mGET /getFile [33m404 [0m26.050 ms - 2972[0m
[0mGET /getFile [33m404 [0m6.154 ms - 2972[0m
[0mGET /getFile [33m404 [0m4.996 ms - 2972[0m
[0mGET /getFile [32m200 [0m9.399 ms - 72983[0m
[0mGET /getFile [33m404 [0m18.953 ms - 4189[0m
[0mGET /getFile/11804771.png [32m200 [0m3.241 ms - 149237[0m
[0mGET /fileup [36m304 [0m18.438 ms - -[0m
[0mGET /fileup [36m304 [0m3.139 ms - -[0m
[0mPOST /storeFile [32m200 [0m13.487 ms - 83[0m
[0mPOST /storeFile [32m200 [0m17.934 ms - 73[0m
[0mGET /getFile/avi [33m404 [0m24.412 ms - 2998[0m
[0mGET /getFile/avi.png [33m404 [0m7.233 ms - 3006[0m
[0mGET /getFile/avi.jpg [32m200 [0m3.047 ms - 442769[0m
[0mGET / [36m304 [0m19.383 ms - -[0m
[0mGET /fileup [36m304 [0m3.787 ms - -[0m
[0mPOST /storeFile [32m200 [0m12.662 ms - 78[0m
[0mGET /getFile/cap.jpg [32m200 [0m4.947 ms - 53153[0m
[0mGET / [36m304 [0m58.216 ms - -[0m
[0mGET /favicon.ico [33m404 [0m9.997 ms - 4189[0m
[0mGET /getfile [33m404 [0m8.502 ms - 4189[0m
[0mGET /getfile/avi.jpg [32m200 [0m42.552 ms - 442769[0m
[0mGET /listFiles [31m500 [0m36.568 ms - 4256[0m
[0mGET /listFiles [31m500 [0m8.134 ms - 4256[0m
[0mGET /listFiles [31m500 [0m62.694 ms - 4256[0m
[0mGET /listFiles [31m500 [0m7.493 ms - 4256[0m
[0mGET /listFiles [32m200 [0m8.691 ms - 15[0m
[0mGET /listFiles [36m304 [0m7.980 ms - -[0m
[0mGET /listFiles [36m304 [0m9.404 ms - -[0m
[0mGET /listFiles [31m500 [0m42.062 ms - 4176[0m
[0mGET /listFiles [32m200 [0m11.169 ms - 3218[0m
[0mGET /getFile/11804771.png [36m304 [0m6.705 ms - -[0m
[0mGET /getFile/avi.jpg [36m304 [0m1.940 ms - -[0m
[0mGET /listFiles [32m200 [0m8.043 ms - 3253[0m
[0mGET /listFiles [32m200 [0m6.613 ms - 3313[0m
[0mGET /listFiles [36m304 [0m6.958 ms - -[0m
[0mGET /listFiles [36m304 [0m7.216 ms - -[0m
[0mGET /listFiles [32m200 [0m6.358 ms - 3317[0m
[0mGET /listFiles [32m200 [0m7.261 ms - 3337[0m
[0mGET /fileup [36m304 [0m5.574 ms - -[0m
[0mGET /listFiles [32m200 [0m7.288 ms - 3344[0m
[0mGET /getFile [33m404 [0m11.668 ms - 4196[0m
[0mGET /listFiles [32m200 [0m41.227 ms - 0[0m
[0mGET /listFiles [32m200 [0m6.564 ms - 3223[0m
[0mGET /listFiles [36m304 [0m6.774 ms - -[0m
[0mGET /fileup [32m200 [0m3.951 ms - 2839[0m
[0mPOST /storeFile [32m200 [0m22.217 ms - 78[0m
[0mGET / [32m200 [0m6.474 ms - 2686[0m
[0mGET /listFiles [32m200 [0m6.079 ms - 3316[0m
[0mGET /listFiles [32m200 [0m7.893 ms - 3316[0m
[0mGET /listFiles [32m200 [0m6.603 ms - 3346[0m
[0mGET / [32m200 [0m5.044 ms - 2716[0m
[0mGET / [36m304 [0m3.690 ms - -[0m
[0mGET / [36m304 [0m4.078 ms - -[0m
[0mGET / [32m200 [0m5.427 ms - 2737[0m
[0mGET / [32m200 [0m4.521 ms - 2747[0m
[0mGET / [32m200 [0m4.099 ms - 2745[0m
[0mGET / [32m200 [0m3.812 ms - 2763[0m
[0mGET /fileup [32m200 [0m3.418 ms - 2916[0m
[0mGET /listFiles [32m200 [0m8.136 ms - 3393[0m
[0mGET /myLink [33m404 [0m6.925 ms - 4152[0m
[0mGET /fileup [36m304 [0m3.088 ms - -[0m
[0mGET / [36m304 [0m3.687 ms - -[0m
[0mGET / [32m200 [0m120.068 ms - 2765[0m
[0mGET / [32m200 [0m3.950 ms - 2790[0m
[0mGET / [36m304 [0m3.889 ms - -[0m
[0mGET / [32m200 [0m3.816 ms - 2810[0m
[0mGET /listFiles [31m500 [0m36.717 ms - 4251[0m
[0mGET /listFiles [31m500 [0m10.364 ms - 4251[0m
[0mGET /listFiles [31m500 [0m9.147 ms - 4251[0m
[0mGET /listFiles [31m500 [0m9.098 ms - 4251[0m
[0mGET /listFiles [31m500 [0m7.250 ms - 4251[0m
[0mGET /listFiles [31m500 [0m7.589 ms - 4251[0m
[0mGET /listFiles [31m500 [0m6.295 ms - 4251[0m
[0mGET /listFiles [31m500 [0m7.807 ms - 4251[0m
[0mGET /listFiles [31m500 [0m6.049 ms - 4251[0m
[0mGET /listFiles [31m500 [0m6.320 ms - 4251[0m
[0mGET /listFiles [31m500 [0m6.714 ms - 4251[0m
[0mGET /listFiles [32m200 [0m41.067 ms - 3393[0m
[0mGET / [32m200 [0m28.105 ms - 2815[0m
[0mGET /generatePdf [32m200 [0m1.547 ms - 22[0m
[0mGET /generatePdf [32m200 [0m31.894 ms - 2829[0m
[0mGET /generatePdf [32m200 [0m6.368 ms - 2867[0m
[0mGET /generatePdf [32m200 [0m5.285 ms - 2867[0m
[0mGET /generatePdf [36m304 [0m4.443 ms - -[0m
[0mGET /generatePdf [36m304 [0m3.773 ms - -[0m
[0mGET /generatePdf [32m200 [0m3.829 ms - 3009[0m
[0mGET /generatePdf [32m200 [0m4.657 ms - 3023[0m
[0mGET /generatePdf [32m200 [0m4.259 ms - 3386[0m
[0mGET /generatePdf [32m200 [0m3.761 ms - 3387[0m
[0mGET /generatePdf [32m200 [0m4.606 ms - 3399[0m
[0mGET /generatePdf [32m200 [0m3.894 ms - 3403[0m
[0mGET /generatePdf [36m304 [0m4.825 ms - -[0m
[0mGET /generatePdf [32m200 [0m4.094 ms - 3403[0m
[0mGET /generatePdf [36m304 [0m3.780 ms - -[0m
[0mGET /generatePdf [32m200 [0m4.696 ms - 3424[0m
[0mGET /generatePdf [32m200 [0m33.121 ms - 3429[0m
[0mGET /savePdfData?fname=Avinash&lname=Kumar&age=19&address=%23220%2F6%2C+Behlana. [33m404 [0m10.356 ms - 4157[0m
[0mGET /generatePdf [36m304 [0m28.609 ms - -[0m
[0mGET /savePdfData?fname=AvinashKumar&lname=Kumar&age=19&address=190%2F6+795+ASC+BN.Hq+%27N%27+Area%2C+Chandigarh [33m404 [0m10.634 ms - 4157[0m
[0mGET /generatePdf [36m304 [0m30.232 ms - -[0m
[0mGET /savePdfData?fname=Avinash&lname=Kumar&age=19&address=%23220%2F6%2C+Behlana. [33m404 [0m11.875 ms - 4157[0m
[0mGET /generatePdf [32m200 [0m4.906 ms - 3443[0m
[0mPOST /savePdfData [32m200 [0m147.238 ms - 75[0m
[0mPOST /savePdfData [32m200 [0m22.857 ms - 75[0m
[0mPOST /savePdfData [31m500 [0m48.554 ms - 4276[0m
[0mPOST /savePdfData [31m500 [0m57.858 ms - 4276[0m
[0mPOST /savePdfData [31m500 [0m12.447 ms - 4276[0m
[0mPOST /savePdfData [31m500 [0m50.630 ms - 4252[0m
[0mPOST /savePdfData [31m500 [0m48.638 ms - 4247[0m
[0mPOST /savePdfData [32m200 [0m6667.443 ms - 75[0m
[0mPOST /savePdfData [32m200 [0m1804.128 ms - 28[0m
[0mPOST /savePdfData [33m404 [0m1816.940 ms - 2956[0m
[0mGET /savePdfData [33m404 [0m35.235 ms - 4157[0m
[0mGET /generatePdf [36m304 [0m4.850 ms - -[0m
[0mPOST /savePdfData [32m200 [0m1773.090 ms - 16548[0m
[0mPOST /savePdfData [32m200 [0m1817.743 ms - 16548[0m
[0mGET /generatePdf [36m304 [0m27.556 ms - -[0m
[0mGET / [32m200 [0m8.772 ms - 2825[0m
[0mGET / [32m200 [0m28.297 ms - 2827[0m
[0mGET /listPdf [32m200 [0m11.817 ms - 3054[0m
[0mGET /getFile/output.pdf [33m404 [0m9.023 ms - 2992[0m
[0mGET /getFile/output.pdf [33m404 [0m5.315 ms - 2992[0m
[0mGET /getFile/output.pdf [33m404 [0m6.260 ms - 2992[0m
[0mGET /generatePdf [32m200 [0m30.542 ms - 3455[0m
[0mGET /listPdf [32m200 [0m12.102 ms - 3052[0m
[0mGET /getPdf/output.pdf [32m200 [0m4.511 ms - 16498[0m
[0mGET /generatePdf [36m304 [0m7.175 ms - -[0m
[0mPOST /savePdfData [32m200 [0m1775.005 ms - 16713[0m
[0mPOST /savePdfData [32m200 [0m1777.132 ms - 16713[0m
[0mGET /listPdf [32m200 [0m34.244 ms - 3162[0m
[0mGET /getPdf/ankush%20Kumar.pdf [32m200 [0m4.901 ms - 16713[0m
[0mGET /listFiles [32m200 [0m9.845 ms - 3410[0m
[0mGET /listPdf [36m304 [0m9.597 ms - -[0m
[0mGET /listPdf [32m200 [0m23.711 ms - 3172[0m
[0mGET /sendEmail [31m500 [0m21.037 ms - 4198[0m
[0mGET /sendEmail [31m500 [0m0.881 ms - 4198[0m
[0mGET /sendEmail [31m500 [0m0.808 ms - 4198[0m
[0mGET / [32m200 [0m4.452 ms - 2835[0m
[0mGET /sendEmail [31m500 [0m0.532 ms - 4198[0m
[0mGET / [36m304 [0m16.675 ms - -[0m
[0mGET /sendEmail [32m200 [0m4.151 ms - 3463[0m
[0mGET /sendEmail [32m200 [0m4.591 ms - 3262[0m
[0mGET /sendEmail [32m200 [0m3.138 ms - 3262[0m
[0mGET /sendEmail [32m200 [0m2.621 ms - 3258[0m
[0mGET /sendEmail [32m200 [0m3.068 ms - 3250[0m
[0mGET /sendEmail [32m200 [0m2.830 ms - 3257[0m
[0mGET /sendEmail [32m200 [0m2.237 ms - 3257[0m
[0mGET /sendEmail [32m200 [0m2.557 ms - 3267[0m
[0mGET /sendEmail [32m200 [0m2.296 ms - 3267[0m
[0mGET /sendEmail [32m200 [0m3.009 ms - 3277[0m
[0mGET /sendEmail [32m200 [0m2.460 ms - 3277[0m
[0mGET /sendEmail [32m200 [0m3.081 ms - 3277[0m
[0mPOST /savePdfData [32m200 [0m1776.009 ms - 15970[0m
[0mPOST /savePdfData [32m200 [0m1516.229 ms - 15970[0m
[0mGET /sendEmail [32m200 [0m3.273 ms - 3278[0m
[0mGET /sendEmail [32m200 [0m2.244 ms - 3347[0m
[0mPOST /savePdfData [32m200 [0m1485.643 ms - 15970[0m
[0mPOST /savePdfData [32m200 [0m1498.565 ms - 15970[0m
[0mGET /sendEmail [32m200 [0m15.654 ms - 3348[0m
[0mPOST /deliverEmail [0m- [0m- ms - -[0m
[0mPOST /deliverEmail [32m200 [0m13.995 ms - 21[0m
[0mGET /fileup [32m200 [0m15.448 ms - 2941[0m
[0mGET /listFiles [32m200 [0m9.849 ms - 3418[0m
[0mGET /generatePdf [32m200 [0m3.931 ms - 3463[0m
[0mGET /listPdf [32m200 [0m6.457 ms - 3296[0m
[0mGET /sendEmail [36m304 [0m3.438 ms - -[0m
[0mGET /sendEmail [36m304 [0m56.108 ms - -[0m
[0mPOST /deliverEmail [32m200 [0m305.519 ms - 21[0m
[0mPOST /deliverEmail [32m200 [0m677.592 ms - 10[0m
[0mPOST /deliverEmail [32m200 [0m1266.791 ms - 10[0m
[0mGET /sendEmail [36m304 [0m20.491 ms - -[0m
[0mPOST /deliverEmail [32m200 [0m1910.819 ms - 23[0m
[0mPOST /deliverEmail [32m200 [0m1078.111 ms - 23[0m
[0mPOST /deliverEmail [32m200 [0m1578.637 ms - 542[0m
[0mPOST /deliverEmail [32m200 [0m998.195 ms - 542[0m
[0mPOST /deliverEmail [32m200 [0m1142.135 ms - 542[0m
[0mPOST /deliverEmail [32m200 [0m957.337 ms - 542[0m
[0mGET /sendEmail [32m200 [0m15.736 ms - 3041[0m
[0mGET /sendEmail [32m200 [0m17.218 ms - 3045[0m
[0mPOST /deliverEmail [32m200 [0m1666.031 ms - 117[0m
[0mGET /listEmails [32m200 [0m313.571 ms - 119[0m
[0mPOST /deliverEmail [32m200 [0m1876.867 ms - 116[0m
[0mGET /listEmails [32m200 [0m401.565 ms - 236[0m
[0mPOST /deliverEmail [32m200 [0m2448.134 ms - 134[0m
[0mPOST /deliverEmail [32m200 [0m1482.105 ms - 236[0m
[0mGET /listEmails [31m500 [0m426.745 ms - 3013[0m
[0mGET /listEmails [33m404 [0m36.257 ms - 3874[0m
[0mGET /listEmails [33m404 [0m19.713 ms - 3874[0m
[0mGET /listEmails [33m404 [0m6.192 ms - 3874[0m
[0mGET /listEmails [0m- [0m- ms - -[0m
[0mGET /listEmails [32m200 [0m931.148 ms - 3651[0m
[0mGET /listEmails [32m200 [0m498.821 ms - 3651[0m
[0mGET /sendEmail [36m304 [0m3.728 ms - -[0m
[0mPOST /deliverEmail [32m200 [0m2286.079 ms - 126[0m
[0mGET /listEmails [32m200 [0m356.186 ms - 3827[0m
[0mPOST /deliverEmail [36m302 [0m1231.213 ms - 66[0m
[0mGET /listEmails [32m200 [0m300.481 ms - 4011[0m
[0mGET / [32m200 [0m3.971 ms - 2532[0m
